<?xml version="1.0" encoding="UTF-8"?>
<!-- Generated by org.testng.reporters.JUnitReportReporter -->
<testsuite skipped="0" hostname="Admin" name="scripts.LoginCRM" tests="1" failures="0" timestamp="10 Sep 2017 07:47:36 GMT" time="32.048" errors="0">
  <testcase name="f" time="32.048" classname="scripts.LoginCRM"/>
</testsuite> <!-- scripts.LoginCRM -->
